<?xml version="1.0" encoding="UTF-8"?>
<!-- Generated by org.testng.reporters.JUnitReportReporter -->
<testsuite hostname="NODE2042" failures="0" tests="1" name="com.qa.android.AppiumBasic" time="12.314" errors="0" timestamp="2024-01-18T12:12:17 IST" skipped="0">
  <testcase classname="com.qa.android.AppiumBasic" name="wifisettingName" time="12.314"/>
  <system-out/>
</testsuite> <!-- com.qa.android.AppiumBasic -->
