<?xml version="1.0" encoding="UTF-8"?>
<!-- Generated by org.testng.reporters.JUnitReportReporter -->
<testsuite hostname="NODE2042" failures="0" tests="1" name="com.qa.android.ScrollDemo" time="18.305" errors="0" timestamp="2023-07-27T16:28:16 IST" skipped="0">
  <testcase classname="com.qa.android.ScrollDemo" name="longPressGesture" time="18.305"/>
  <system-out/>
</testsuite> <!-- com.qa.android.ScrollDemo -->
