<?xml version="1.0" encoding="UTF-8"?>
<!-- Generated by org.testng.reporters.JUnitReportReporter -->
<testsuite hostname="NODE2042" failures="0" tests="1" name="com.qa.android.Ecommerce_tc3" time="31.447" errors="0" timestamp="2023-07-28T15:34:28 IST" skipped="0">
  <testcase classname="com.qa.android.Ecommerce_tc3" name="fillForm" time="31.447"/>
  <system-out/>
</testsuite> <!-- com.qa.android.Ecommerce_tc3 -->
