<?xml version="1.0" encoding="UTF-8"?>
<!-- Generated by org.testng.reporters.JUnitReportReporter -->
<testsuite hostname="NODE2042" failures="0" tests="1" name="com.qa.android.Ecommerce_tc2" time="26.249" errors="0" timestamp="2023-07-28T11:42:07 IST" skipped="0">
  <testcase classname="com.qa.android.Ecommerce_tc2" name="fillForm" time="26.249"/>
  <system-out/>
</testsuite> <!-- com.qa.android.Ecommerce_tc2 -->
