<?xml version="1.0" encoding="UTF-8"?>
<!-- Generated by org.testng.reporters.JUnitReportReporter -->
<testsuite hostname="NODE2042" failures="0" tests="1" name="com.qa.android.DragAndDrop" time="5.706" errors="0" timestamp="2023-07-27T18:00:10 IST" skipped="0">
  <testcase classname="com.qa.android.DragAndDrop" name="longPressGesture" time="5.706"/>
  <system-out/>
</testsuite> <!-- com.qa.android.DragAndDrop -->
