<?xml version="1.0" encoding="UTF-8"?>
<!-- Generated by org.testng.reporters.JUnitReportReporter -->
<testsuite hostname="NODE2042" failures="0" tests="1" name="com.qa.android.SwipeDemo" time="5.074" errors="0" timestamp="2023-07-27T17:41:50 IST" skipped="0">
  <testcase classname="com.qa.android.SwipeDemo" name="longPressGesture" time="5.074"/>
  <system-out/>
</testsuite> <!-- com.qa.android.SwipeDemo -->
